<component name="libraryTable">
  <library name="Junit4的jar包">
    <CLASSES>
      <root url="file://D:/Documents/常用包/Junit4的jar包" />
    </CLASSES>
    <JAVADOC />
    <SOURCES />
    <jarDirectory url="file://D:/Documents/常用包/Junit4的jar包" recursive="false" />
  </library>
</component>